<?xml version="1.0" encoding="UTF-8"?>
<!-- Generated by org.testng.reporters.JUnitXMLReporter -->
<testsuite hostname="DESKTOP-SKF5KSG" ignored="2" name="Login" tests="4" failures="0" timestamp="27 Jun 2019 17:06:24 GMT" time="0.02" errors="0">
  <testcase name="LoginAPILoan" time="0.001" classname="Test.demo3"/>
  <testcase name="WebLoginLoan" time="0.001" classname="Test.demo3"/>
  <testcase name="LoginAPIHomeLoan" time="0.003" classname="Test.demo4"/>
  <testcase name="WebLoginHomeLoan" time="0.002" classname="Test.demo4"/>
  <testcase name="MobileLoginHomeLoan" time="0.0" classname="Test.demo4">
    <ignored/>
  </testcase> <!-- MobileLoginHomeLoan -->
  <testcase name="MobileLoginLoan" time="0.0" classname="Test.demo3">
    <ignored/>
  </testcase> <!-- MobileLoginLoan -->
</testsuite> <!-- Login -->
