<?xml version="1.0" encoding="UTF-8"?>
<!-- Generated by org.testng.reporters.JUnitXMLReporter -->
<testsuite hostname="DESKTOP-SKF5KSG" ignored="0" name="Test" tests="10" failures="0" timestamp="27 Jun 2019 17:30:26 GMT" time="0.105" errors="0">
  <testcase name="Demo" time="0.015" classname="Test.demo1"/>
  <testcase name="Demo2" time="0.003" classname="Test.demo1"/>
  <testcase name="Demo3" time="0.001" classname="Test.demo2"/>
  <testcase name="Demo4" time="0.003" classname="Test.demo2"/>
  <testcase name="LoginAPILoan" time="0.004" classname="Test.demo3"/>
  <testcase name="MobileLoginLoan" time="0.003" classname="Test.demo3"/>
  <testcase name="WebLoginLoan" time="0.002" classname="Test.demo3"/>
  <testcase name="LoginAPIHomeLoan" time="0.001" classname="Test.demo4"/>
  <testcase name="MobileLoginHomeLoan" time="0.002" classname="Test.demo4"/>
  <testcase name="WebLoginHomeLoan" time="0.003" classname="Test.demo4"/>
</testsuite> <!-- Test -->
