<?xml version="1.0" encoding="UTF-8"?>
<!-- Generated by org.testng.reporters.JUnitXMLReporter -->
<testsuite hostname="DESKTOP-SKF5KSG" ignored="0" name="Demo Loan" tests="4" failures="1" timestamp="28 Jun 2019 19:48:16 GMT" time="0.078" errors="0">
  <testcase name="Demo4" time="0.016" classname="Test.demo2"/>
  <testcase name="Emo3" time="0.0" classname="Test.demo2"/>
  <testcase name="Demo2" time="0.0" classname="Test.demo1"/>
  <testcase name="demo2" time="0.0" classname="Test.demo1">
    <failure type="java.lang.Error" message="Unresolved compilation problem: 
	String literal is not properly closed by a double-quote
">
      <![CDATA[java.lang.Error: Unresolved compilation problem: 
String literal is not properly closed by a double-quote

at Test.demo1.demo2(demo1.java:26)
... Removed 25 stack frames]]>
    </failure>
  </testcase> <!-- demo2 -->
</testsuite> <!-- Demo Loan -->
