<?xml version="1.0" encoding="UTF-8"?>
<!-- Generated by org.testng.reporters.JUnitXMLReporter -->
<testsuite hostname="DESKTOP-SKF5KSG" ignored="4" name="Login Home Loan" tests="2" failures="0" timestamp="28 Jun 2019 19:18:40 GMT" time="0.007" errors="0">
  <testcase name="LoginAPILoan" time="0.004" classname="Test.demo3"/>
  <testcase name="WebLoginLoan" time="0.0" classname="Test.demo3"/>
  <testcase name="LoginAPIHomeLoan" time="0.0" classname="Test.demo4">
    <ignored/>
  </testcase> <!-- LoginAPIHomeLoan -->
  <testcase name="MobileLoginHomeLoan" time="0.0" classname="Test.demo4">
    <ignored/>
  </testcase> <!-- MobileLoginHomeLoan -->
  <testcase name="MobileLoginLoan" time="0.0" classname="Test.demo3">
    <ignored/>
  </testcase> <!-- MobileLoginLoan -->
  <testcase name="WebLoginHomeLoan" time="0.0" classname="Test.demo4">
    <ignored/>
  </testcase> <!-- WebLoginHomeLoan -->
</testsuite> <!-- Login Home Loan -->
