<?xml version="1.0" encoding="UTF-8"?>
<testng-results skipped="0" failed="0" ignored="0" total="1" passed="1">
  <reporter-output>
  </reporter-output>
  <suite name="Default suite" duration-ms="3111" started-at="2019-06-29T04:22:34Z" finished-at="2019-06-29T04:22:37Z">
    <groups>
    </groups>
    <test name="Default test" duration-ms="3111" started-at="2019-06-29T04:22:34Z" finished-at="2019-06-29T04:22:37Z">
      <class name="Test.DataDrivingParametrization">
        <test-method status="PASS" signature="Login()[pri:0, instance:Test.DataDrivingParametrization@36d4b5c]" name="Login" duration-ms="3083" started-at="2019-06-29T04:22:34Z" finished-at="2019-06-29T04:22:37Z">
          <reporter-output>
          </reporter-output>
        </test-method> <!-- Login -->
      </class> <!-- Test.DataDrivingParametrization -->
    </test> <!-- Default test -->
  </suite> <!-- Default suite -->
</testng-results>
